/Library/Frameworks/Python.framework/Versions/3.13/lib/python3.13/site-packages/sklearn/svm/_base.py:239: FutureWarning: The `probability` parameter was deprecated in 1.9 and will be removed in version 1.11. Use `CalibratedClassifierCV(SVC(), ensemble=False)` instead of `SVC(probability=True)`
  warnings.warn(
============================================================
SVM分类模型训练流程
============================================================
加载数据...
特征矩阵形状: (58367, 17)
标签形状: (58367,)
类别分布: member=29275, casual=29092

划分数据集（训练集80% : 测试集20%）...
训练集大小: 46693 样本
测试集大小: 11674 样本
训练集类别分布: member=23420, casual=23273
测试集类别分布: member=5855, casual=5819

数据标准化...
标准化完成

============================================================
训练基线SVM模型（默认参数）
============================================================
训练时间: 177.04 秒
训练集准确率: 0.6568
测试集准确率: 0.6317

============================================================
超参数调优（网格搜索 + 5折交叉验证）
============================================================
参数网格:
{
  "C": [
    0.1,
    1,
    10,
    100
  ],
  "gamma": [
    "scale",
    "auto",
    0.001,
    0.01,
    0.1
  ],
  "kernel": [
    "rbf",
    "linear"
  ]
}
Fitting 5 folds for each of 40 candidates, totalling 200 fits
/Library/Frameworks/Python.framework/Versions/3.13/lib/python3.13/site-packages/sklearn/svm/_base.py:239: FutureWarning: The `probability` parameter was deprecated in 1.9 and will be removed in version 1.11. Use `CalibratedClassifierCV(SVC(), ensemble=False)` instead of `SVC(probability=True)`
  warnings.warn(
/Library/Frameworks/Python.framework/Versions/3.13/lib/python3.13/site-packages/sklearn/svm/_base.py:239: FutureWarning: The `probability` parameter was deprecated in 1.9 and will be removed in version 1.11. Use `CalibratedClassifierCV(SVC(), ensemble=False)` instead of `SVC(probability=True)`
  warnings.warn(
/Library/Frameworks/Python.framework/Versions/3.13/lib/python3.13/site-packages/sklearn/svm/_base.py:239: FutureWarning: The `probability` parameter was deprecated in 1.9 and will be removed in version 1.11. Use `CalibratedClassifierCV(SVC(), ensemble=False)` instead of `SVC(probability=True)`
  warnings.warn(
/Library/Frameworks/Python.framework/Versions/3.13/lib/python3.13/site-packages/sklearn/svm/_base.py:239: FutureWarning: The `probability` parameter was deprecated in 1.9 and will be removed in version 1.11. Use `CalibratedClassifierCV(SVC(), ensemble=False)` instead of `SVC(probability=True)`
  warnings.warn(
/Library/Frameworks/Python.framework/Versions/3.13/lib/python3.13/site-packages/sklearn/svm/_base.py:239: FutureWarning: The `probability` parameter was deprecated in 1.9 and will be removed in version 1.11. Use `CalibratedClassifierCV(SVC(), ensemble=False)` instead of `SVC(probability=True)`
  warnings.warn(
/Library/Frameworks/Python.framework/Versions/3.13/lib/python3.13/site-packages/sklearn/svm/_base.py:239: FutureWarning: The `probability` parameter was deprecated in 1.9 and will be removed in version 1.11. Use `CalibratedClassifierCV(SVC(), ensemble=False)` instead of `SVC(probability=True)`
  warnings.warn(
/Library/Frameworks/Python.framework/Versions/3.13/lib/python3.13/site-packages/sklearn/svm/_base.py:239: FutureWarning: The `probability` parameter was deprecated in 1.9 and will be removed in version 1.11. Use `CalibratedClassifierCV(SVC(), ensemble=False)` instead of `SVC(probability=True)`
  warnings.warn(
/Library/Frameworks/Python.framework/Versions/3.13/lib/python3.13/site-packages/sklearn/svm/_base.py:239: FutureWarning: The `probability` parameter was deprecated in 1.9 and will be removed in version 1.11. Use `CalibratedClassifierCV(SVC(), ensemble=False)` instead of `SVC(probability=True)`
  warnings.warn(
/Library/Frameworks/Python.framework/Versions/3.13/lib/python3.13/site-packages/sklearn/svm/_base.py:239: FutureWarning: The `probability` parameter was deprecated in 1.9 and will be removed in version 1.11. Use `CalibratedClassifierCV(SVC(), ensemble=False)` instead of `SVC(probability=True)`
  warnings.warn(
/Library/Frameworks/Python.framework/Versions/3.13/lib/python3.13/site-packages/sklearn/svm/_base.py:239: FutureWarning: The `probability` parameter was deprecated in 1.9 and will be removed in version 1.11. Use `CalibratedClassifierCV(SVC(), ensemble=False)` instead of `SVC(probability=True)`
  warnings.warn(
/Library/Frameworks/Python.framework/Versions/3.13/lib/python3.13/site-packages/sklearn/svm/_base.py:239: FutureWarning: The `probability` parameter was deprecated in 1.9 and will be removed in version 1.11. Use `CalibratedClassifierCV(SVC(), ensemble=False)` instead of `SVC(probability=True)`
  warnings.warn(
/Library/Frameworks/Python.framework/Versions/3.13/lib/python3.13/site-packages/sklearn/svm/_base.py:239: FutureWarning: The `probability` parameter was deprecated in 1.9 and will be removed in version 1.11. Use `CalibratedClassifierCV(SVC(), ensemble=False)` instead of `SVC(probability=True)`
  warnings.warn(
/Library/Frameworks/Python.framework/Versions/3.13/lib/python3.13/site-packages/sklearn/svm/_base.py:239: FutureWarning: The `probability` parameter was deprecated in 1.9 and will be removed in version 1.11. Use `CalibratedClassifierCV(SVC(), ensemble=False)` instead of `SVC(probability=True)`
  warnings.warn(
/Library/Frameworks/Python.framework/Versions/3.13/lib/python3.13/site-packages/sklearn/svm/_base.py:239: FutureWarning: The `probability` parameter was deprecated in 1.9 and will be removed in version 1.11. Use `CalibratedClassifierCV(SVC(), ensemble=False)` instead of `SVC(probability=True)`
  warnings.warn(
/Library/Frameworks/Python.framework/Versions/3.13/lib/python3.13/site-packages/sklearn/svm/_base.py:239: FutureWarning: The `probability` parameter was deprecated in 1.9 and will be removed in version 1.11. Use `CalibratedClassifierCV(SVC(), ensemble=False)` instead of `SVC(probability=True)`
  warnings.warn(
/Library/Frameworks/Python.framework/Versions/3.13/lib/python3.13/site-packages/sklearn/svm/_base.py:239: FutureWarning: The `probability` parameter was deprecated in 1.9 and will be removed in version 1.11. Use `CalibratedClassifierCV(SVC(), ensemble=False)` instead of `SVC(probability=True)`
  warnings.warn(
/Library/Frameworks/Python.framework/Versions/3.13/lib/python3.13/site-packages/sklearn/svm/_base.py:239: FutureWarning: The `probability` parameter was deprecated in 1.9 and will be removed in version 1.11. Use `CalibratedClassifierCV(SVC(), ensemble=False)` instead of `SVC(probability=True)`
  warnings.warn(
/Library/Frameworks/Python.framework/Versions/3.13/lib/python3.13/site-packages/sklearn/svm/_base.py:239: FutureWarning: The `probability` parameter was deprecated in 1.9 and will be removed in version 1.11. Use `CalibratedClassifierCV(SVC(), ensemble=False)` instead of `SVC(probability=True)`
  warnings.warn(
/Library/Frameworks/Python.framework/Versions/3.13/lib/python3.13/site-packages/sklearn/svm/_base.py:239: FutureWarning: The `probability` parameter was deprecated in 1.9 and will be removed in version 1.11. Use `CalibratedClassifierCV(SVC(), ensemble=False)` instead of `SVC(probability=True)`
  warnings.warn(
/Library/Frameworks/Python.framework/Versions/3.13/lib/python3.13/site-packages/sklearn/svm/_base.py:239: FutureWarning: The `probability` parameter was deprecated in 1.9 and will be removed in version 1.11. Use `CalibratedClassifierCV(SVC(), ensemble=False)` instead of `SVC(probability=True)`
  warnings.warn(
/Library/Frameworks/Python.framework/Versions/3.13/lib/python3.13/site-packages/sklearn/svm/_base.py:239: FutureWarning: The `probability` parameter was deprecated in 1.9 and will be removed in version 1.11. Use `CalibratedClassifierCV(SVC(), ensemble=False)` instead of `SVC(probability=True)`
  warnings.warn(
/Library/Frameworks/Python.framework/Versions/3.13/lib/python3.13/site-packages/sklearn/svm/_base.py:239: FutureWarning: The `probability` parameter was deprecated in 1.9 and will be removed in version 1.11. Use `CalibratedClassifierCV(SVC(), ensemble=False)` instead of `SVC(probability=True)`
  warnings.warn(
/Library/Frameworks/Python.framework/Versions/3.13/lib/python3.13/site-packages/sklearn/svm/_base.py:239: FutureWarning: The `probability` parameter was deprecated in 1.9 and will be removed in version 1.11. Use `CalibratedClassifierCV(SVC(), ensemble=False)` instead of `SVC(probability=True)`
  warnings.warn(
/Library/Frameworks/Python.framework/Versions/3.13/lib/python3.13/site-packages/sklearn/svm/_base.py:239: FutureWarning: The `probability` parameter was deprecated in 1.9 and will be removed in version 1.11. Use `CalibratedClassifierCV(SVC(), ensemble=False)` instead of `SVC(probability=True)`
  warnings.warn(
/Library/Frameworks/Python.framework/Versions/3.13/lib/python3.13/site-packages/sklearn/svm/_base.py:239: FutureWarning: The `probability` parameter was deprecated in 1.9 and will be removed in version 1.11. Use `CalibratedClassifierCV(SVC(), ensemble=False)` instead of `SVC(probability=True)`
  warnings.warn(
/Library/Frameworks/Python.framework/Versions/3.13/lib/python3.13/site-packages/sklearn/svm/_base.py:239: FutureWarning: The `probability` parameter was deprecated in 1.9 and will be removed in version 1.11. Use `CalibratedClassifierCV(SVC(), ensemble=False)` instead of `SVC(probability=True)`
  warnings.warn(
/Library/Frameworks/Python.framework/Versions/3.13/lib/python3.13/site-packages/sklearn/svm/_base.py:239: FutureWarning: The `probability` parameter was deprecated in 1.9 and will be removed in version 1.11. Use `CalibratedClassifierCV(SVC(), ensemble=False)` instead of `SVC(probability=True)`
  warnings.warn(
/Library/Frameworks/Python.framework/Versions/3.13/lib/python3.13/site-packages/sklearn/svm/_base.py:239: FutureWarning: The `probability` parameter was deprecated in 1.9 and will be removed in version 1.11. Use `CalibratedClassifierCV(SVC(), ensemble=False)` instead of `SVC(probability=True)`
  warnings.warn(
/Library/Frameworks/Python.framework/Versions/3.13/lib/python3.13/site-packages/sklearn/svm/_base.py:239: FutureWarning: The `probability` parameter was deprecated in 1.9 and will be removed in version 1.11. Use `CalibratedClassifierCV(SVC(), ensemble=False)` instead of `SVC(probability=True)`
  warnings.warn(
/Library/Frameworks/Python.framework/Versions/3.13/lib/python3.13/site-packages/sklearn/svm/_base.py:239: FutureWarning: The `probability` parameter was deprecated in 1.9 and will be removed in version 1.11. Use `CalibratedClassifierCV(SVC(), ensemble=False)` instead of `SVC(probability=True)`
  warnings.warn(
/Library/Frameworks/Python.framework/Versions/3.13/lib/python3.13/site-packages/sklearn/svm/_base.py:239: FutureWarning: The `probability` parameter was deprecated in 1.9 and will be removed in version 1.11. Use `CalibratedClassifierCV(SVC(), ensemble=False)` instead of `SVC(probability=True)`
  warnings.warn(
/Library/Frameworks/Python.framework/Versions/3.13/lib/python3.13/site-packages/sklearn/svm/_base.py:239: FutureWarning: The `probability` parameter was deprecated in 1.9 and will be removed in version 1.11. Use `CalibratedClassifierCV(SVC(), ensemble=False)` instead of `SVC(probability=True)`
  warnings.warn(
/Library/Frameworks/Python.framework/Versions/3.13/lib/python3.13/site-packages/sklearn/svm/_base.py:239: FutureWarning: The `probability` parameter was deprecated in 1.9 and will be removed in version 1.11. Use `CalibratedClassifierCV(SVC(), ensemble=False)` instead of `SVC(probability=True)`
  warnings.warn(
/Library/Frameworks/Python.framework/Versions/3.13/lib/python3.13/site-packages/sklearn/svm/_base.py:239: FutureWarning: The `probability` parameter was deprecated in 1.9 and will be removed in version 1.11. Use `CalibratedClassifierCV(SVC(), ensemble=False)` instead of `SVC(probability=True)`
  warnings.warn(
/Library/Frameworks/Python.framework/Versions/3.13/lib/python3.13/site-packages/sklearn/svm/_base.py:239: FutureWarning: The `probability` parameter was deprecated in 1.9 and will be removed in version 1.11. Use `CalibratedClassifierCV(SVC(), ensemble=False)` instead of `SVC(probability=True)`
  warnings.warn(
/Library/Frameworks/Python.framework/Versions/3.13/lib/python3.13/site-packages/sklearn/svm/_base.py:239: FutureWarning: The `probability` parameter was deprecated in 1.9 and will be removed in version 1.11. Use `CalibratedClassifierCV(SVC(), ensemble=False)` instead of `SVC(probability=True)`
  warnings.warn(
/Library/Frameworks/Python.framework/Versions/3.13/lib/python3.13/site-packages/sklearn/svm/_base.py:239: FutureWarning: The `probability` parameter was deprecated in 1.9 and will be removed in version 1.11. Use `CalibratedClassifierCV(SVC(), ensemble=False)` instead of `SVC(probability=True)`
  warnings.warn(
/Library/Frameworks/Python.framework/Versions/3.13/lib/python3.13/site-packages/sklearn/svm/_base.py:239: FutureWarning: The `probability` parameter was deprecated in 1.9 and will be removed in version 1.11. Use `CalibratedClassifierCV(SVC(), ensemble=False)` instead of `SVC(probability=True)`
  warnings.warn(
/Library/Frameworks/Python.framework/Versions/3.13/lib/python3.13/site-packages/sklearn/svm/_base.py:239: FutureWarning: The `probability` parameter was deprecated in 1.9 and will be removed in version 1.11. Use `CalibratedClassifierCV(SVC(), ensemble=False)` instead of `SVC(probability=True)`
  warnings.warn(
/Library/Frameworks/Python.framework/Versions/3.13/lib/python3.13/site-packages/sklearn/svm/_base.py:239: FutureWarning: The `probability` parameter was deprecated in 1.9 and will be removed in version 1.11. Use `CalibratedClassifierCV(SVC(), ensemble=False)` instead of `SVC(probability=True)`
  warnings.warn(
/Library/Frameworks/Python.framework/Versions/3.13/lib/python3.13/site-packages/sklearn/svm/_base.py:239: FutureWarning: The `probability` parameter was deprecated in 1.9 and will be removed in version 1.11. Use `CalibratedClassifierCV(SVC(), ensemble=False)` instead of `SVC(probability=True)`
  warnings.warn(
/Library/Frameworks/Python.framework/Versions/3.13/lib/python3.13/site-packages/sklearn/svm/_base.py:239: FutureWarning: The `probability` parameter was deprecated in 1.9 and will be removed in version 1.11. Use `CalibratedClassifierCV(SVC(), ensemble=False)` instead of `SVC(probability=True)`
  warnings.warn(
/Library/Frameworks/Python.framework/Versions/3.13/lib/python3.13/site-packages/sklearn/svm/_base.py:239: FutureWarning: The `probability` parameter was deprecated in 1.9 and will be removed in version 1.11. Use `CalibratedClassifierCV(SVC(), ensemble=False)` instead of `SVC(probability=True)`
  warnings.warn(
/Library/Frameworks/Python.framework/Versions/3.13/lib/python3.13/site-packages/sklearn/svm/_base.py:239: FutureWarning: The `probability` parameter was deprecated in 1.9 and will be removed in version 1.11. Use `CalibratedClassifierCV(SVC(), ensemble=False)` instead of `SVC(probability=True)`
  warnings.warn(
/Library/Frameworks/Python.framework/Versions/3.13/lib/python3.13/site-packages/sklearn/svm/_base.py:239: FutureWarning: The `probability` parameter was deprecated in 1.9 and will be removed in version 1.11. Use `CalibratedClassifierCV(SVC(), ensemble=False)` instead of `SVC(probability=True)`
  warnings.warn(
/Library/Frameworks/Python.framework/Versions/3.13/lib/python3.13/site-packages/sklearn/svm/_base.py:239: FutureWarning: The `probability` parameter was deprecated in 1.9 and will be removed in version 1.11. Use `CalibratedClassifierCV(SVC(), ensemble=False)` instead of `SVC(probability=True)`
  warnings.warn(
/Library/Frameworks/Python.framework/Versions/3.13/lib/python3.13/site-packages/sklearn/svm/_base.py:239: FutureWarning: The `probability` parameter was deprecated in 1.9 and will be removed in version 1.11. Use `CalibratedClassifierCV(SVC(), ensemble=False)` instead of `SVC(probability=True)`
  warnings.warn(
/Library/Frameworks/Python.framework/Versions/3.13/lib/python3.13/site-packages/sklearn/svm/_base.py:239: FutureWarning: The `probability` parameter was deprecated in 1.9 and will be removed in version 1.11. Use `CalibratedClassifierCV(SVC(), ensemble=False)` instead of `SVC(probability=True)`
  warnings.warn(
/Library/Frameworks/Python.framework/Versions/3.13/lib/python3.13/site-packages/sklearn/svm/_base.py:239: FutureWarning: The `probability` parameter was deprecated in 1.9 and will be removed in version 1.11. Use `CalibratedClassifierCV(SVC(), ensemble=False)` instead of `SVC(probability=True)`
  warnings.warn(
/Library/Frameworks/Python.framework/Versions/3.13/lib/python3.13/site-packages/sklearn/svm/_base.py:239: FutureWarning: The `probability` parameter was deprecated in 1.9 and will be removed in version 1.11. Use `CalibratedClassifierCV(SVC(), ensemble=False)` instead of `SVC(probability=True)`
  warnings.warn(
/Library/Frameworks/Python.framework/Versions/3.13/lib/python3.13/site-packages/sklearn/svm/_base.py:239: FutureWarning: The `probability` parameter was deprecated in 1.9 and will be removed in version 1.11. Use `CalibratedClassifierCV(SVC(), ensemble=False)` instead of `SVC(probability=True)`
  warnings.warn(
/Library/Frameworks/Python.framework/Versions/3.13/lib/python3.13/site-packages/sklearn/svm/_base.py:239: FutureWarning: The `probability` parameter was deprecated in 1.9 and will be removed in version 1.11. Use `CalibratedClassifierCV(SVC(), ensemble=False)` instead of `SVC(probability=True)`
  warnings.warn(
/Library/Frameworks/Python.framework/Versions/3.13/lib/python3.13/site-packages/sklearn/svm/_base.py:239: FutureWarning: The `probability` parameter was deprecated in 1.9 and will be removed in version 1.11. Use `CalibratedClassifierCV(SVC(), ensemble=False)` instead of `SVC(probability=True)`
  warnings.warn(
/Library/Frameworks/Python.framework/Versions/3.13/lib/python3.13/site-packages/sklearn/svm/_base.py:239: FutureWarning: The `probability` parameter was deprecated in 1.9 and will be removed in version 1.11. Use `CalibratedClassifierCV(SVC(), ensemble=False)` instead of `SVC(probability=True)`
  warnings.warn(
/Library/Frameworks/Python.framework/Versions/3.13/lib/python3.13/site-packages/sklearn/svm/_base.py:239: FutureWarning: The `probability` parameter was deprecated in 1.9 and will be removed in version 1.11. Use `CalibratedClassifierCV(SVC(), ensemble=False)` instead of `SVC(probability=True)`
  warnings.warn(
/Library/Frameworks/Python.framework/Versions/3.13/lib/python3.13/site-packages/sklearn/svm/_base.py:239: FutureWarning: The `probability` parameter was deprecated in 1.9 and will be removed in version 1.11. Use `CalibratedClassifierCV(SVC(), ensemble=False)` instead of `SVC(probability=True)`
  warnings.warn(
/Library/Frameworks/Python.framework/Versions/3.13/lib/python3.13/site-packages/sklearn/svm/_base.py:239: FutureWarning: The `probability` parameter was deprecated in 1.9 and will be removed in version 1.11. Use `CalibratedClassifierCV(SVC(), ensemble=False)` instead of `SVC(probability=True)`
  warnings.warn(
/Library/Frameworks/Python.framework/Versions/3.13/lib/python3.13/site-packages/sklearn/svm/_base.py:239: FutureWarning: The `probability` parameter was deprecated in 1.9 and will be removed in version 1.11. Use `CalibratedClassifierCV(SVC(), ensemble=False)` instead of `SVC(probability=True)`
  warnings.warn(
/Library/Frameworks/Python.framework/Versions/3.13/lib/python3.13/site-packages/sklearn/svm/_base.py:239: FutureWarning: The `probability` parameter was deprecated in 1.9 and will be removed in version 1.11. Use `CalibratedClassifierCV(SVC(), ensemble=False)` instead of `SVC(probability=True)`
  warnings.warn(
/Library/Frameworks/Python.framework/Versions/3.13/lib/python3.13/site-packages/sklearn/svm/_base.py:239: FutureWarning: The `probability` parameter was deprecated in 1.9 and will be removed in version 1.11. Use `CalibratedClassifierCV(SVC(), ensemble=False)` instead of `SVC(probability=True)`
  warnings.warn(
/Library/Frameworks/Python.framework/Versions/3.13/lib/python3.13/site-packages/sklearn/svm/_base.py:239: FutureWarning: The `probability` parameter was deprecated in 1.9 and will be removed in version 1.11. Use `CalibratedClassifierCV(SVC(), ensemble=False)` instead of `SVC(probability=True)`
  warnings.warn(
/Library/Frameworks/Python.framework/Versions/3.13/lib/python3.13/site-packages/sklearn/svm/_base.py:239: FutureWarning: The `probability` parameter was deprecated in 1.9 and will be removed in version 1.11. Use `CalibratedClassifierCV(SVC(), ensemble=False)` instead of `SVC(probability=True)`
  warnings.warn(
/Library/Frameworks/Python.framework/Versions/3.13/lib/python3.13/site-packages/sklearn/svm/_base.py:239: FutureWarning: The `probability` parameter was deprecated in 1.9 and will be removed in version 1.11. Use `CalibratedClassifierCV(SVC(), ensemble=False)` instead of `SVC(probability=True)`
  warnings.warn(
/Library/Frameworks/Python.framework/Versions/3.13/lib/python3.13/site-packages/sklearn/svm/_base.py:239: FutureWarning: The `probability` parameter was deprecated in 1.9 and will be removed in version 1.11. Use `CalibratedClassifierCV(SVC(), ensemble=False)` instead of `SVC(probability=True)`
  warnings.warn(
/Library/Frameworks/Python.framework/Versions/3.13/lib/python3.13/site-packages/sklearn/svm/_base.py:239: FutureWarning: The `probability` parameter was deprecated in 1.9 and will be removed in version 1.11. Use `CalibratedClassifierCV(SVC(), ensemble=False)` instead of `SVC(probability=True)`
  warnings.warn(
/Library/Frameworks/Python.framework/Versions/3.13/lib/python3.13/site-packages/sklearn/svm/_base.py:239: FutureWarning: The `probability` parameter was deprecated in 1.9 and will be removed in version 1.11. Use `CalibratedClassifierCV(SVC(), ensemble=False)` instead of `SVC(probability=True)`
  warnings.warn(
/Library/Frameworks/Python.framework/Versions/3.13/lib/python3.13/site-packages/sklearn/svm/_base.py:239: FutureWarning: The `probability` parameter was deprecated in 1.9 and will be removed in version 1.11. Use `CalibratedClassifierCV(SVC(), ensemble=False)` instead of `SVC(probability=True)`
  warnings.warn(
/Library/Frameworks/Python.framework/Versions/3.13/lib/python3.13/site-packages/sklearn/svm/_base.py:239: FutureWarning: The `probability` parameter was deprecated in 1.9 and will be removed in version 1.11. Use `CalibratedClassifierCV(SVC(), ensemble=False)` instead of `SVC(probability=True)`
  warnings.warn(
/Library/Frameworks/Python.framework/Versions/3.13/lib/python3.13/site-packages/sklearn/svm/_base.py:239: FutureWarning: The `probability` parameter was deprecated in 1.9 and will be removed in version 1.11. Use `CalibratedClassifierCV(SVC(), ensemble=False)` instead of `SVC(probability=True)`
  warnings.warn(
/Library/Frameworks/Python.framework/Versions/3.13/lib/python3.13/site-packages/sklearn/svm/_base.py:239: FutureWarning: The `probability` parameter was deprecated in 1.9 and will be removed in version 1.11. Use `CalibratedClassifierCV(SVC(), ensemble=False)` instead of `SVC(probability=True)`
  warnings.warn(
/Library/Frameworks/Python.framework/Versions/3.13/lib/python3.13/site-packages/sklearn/svm/_base.py:239: FutureWarning: The `probability` parameter was deprecated in 1.9 and will be removed in version 1.11. Use `CalibratedClassifierCV(SVC(), ensemble=False)` instead of `SVC(probability=True)`
  warnings.warn(
/Library/Frameworks/Python.framework/Versions/3.13/lib/python3.13/site-packages/sklearn/svm/_base.py:239: FutureWarning: The `probability` parameter was deprecated in 1.9 and will be removed in version 1.11. Use `CalibratedClassifierCV(SVC(), ensemble=False)` instead of `SVC(probability=True)`
  warnings.warn(
/Library/Frameworks/Python.framework/Versions/3.13/lib/python3.13/site-packages/sklearn/svm/_base.py:239: FutureWarning: The `probability` parameter was deprecated in 1.9 and will be removed in version 1.11. Use `CalibratedClassifierCV(SVC(), ensemble=False)` instead of `SVC(probability=True)`
  warnings.warn(
/Library/Frameworks/Python.framework/Versions/3.13/lib/python3.13/site-packages/sklearn/svm/_base.py:239: FutureWarning: The `probability` parameter was deprecated in 1.9 and will be removed in version 1.11. Use `CalibratedClassifierCV(SVC(), ensemble=False)` instead of `SVC(probability=True)`
  warnings.warn(
/Library/Frameworks/Python.framework/Versions/3.13/lib/python3.13/site-packages/sklearn/svm/_base.py:239: FutureWarning: The `probability` parameter was deprecated in 1.9 and will be removed in version 1.11. Use `CalibratedClassifierCV(SVC(), ensemble=False)` instead of `SVC(probability=True)`
  warnings.warn(
/Library/Frameworks/Python.framework/Versions/3.13/lib/python3.13/site-packages/sklearn/svm/_base.py:239: FutureWarning: The `probability` parameter was deprecated in 1.9 and will be removed in version 1.11. Use `CalibratedClassifierCV(SVC(), ensemble=False)` instead of `SVC(probability=True)`
  warnings.warn(
/Library/Frameworks/Python.framework/Versions/3.13/lib/python3.13/site-packages/sklearn/svm/_base.py:239: FutureWarning: The `probability` parameter was deprecated in 1.9 and will be removed in version 1.11. Use `CalibratedClassifierCV(SVC(), ensemble=False)` instead of `SVC(probability=True)`
  warnings.warn(
/Library/Frameworks/Python.framework/Versions/3.13/lib/python3.13/site-packages/sklearn/svm/_base.py:239: FutureWarning: The `probability` parameter was deprecated in 1.9 and will be removed in version 1.11. Use `CalibratedClassifierCV(SVC(), ensemble=False)` instead of `SVC(probability=True)`
  warnings.warn(
/Library/Frameworks/Python.framework/Versions/3.13/lib/python3.13/site-packages/sklearn/svm/_base.py:239: FutureWarning: The `probability` parameter was deprecated in 1.9 and will be removed in version 1.11. Use `CalibratedClassifierCV(SVC(), ensemble=False)` instead of `SVC(probability=True)`
  warnings.warn(
/Library/Frameworks/Python.framework/Versions/3.13/lib/python3.13/site-packages/sklearn/svm/_base.py:239: FutureWarning: The `probability` parameter was deprecated in 1.9 and will be removed in version 1.11. Use `CalibratedClassifierCV(SVC(), ensemble=False)` instead of `SVC(probability=True)`
  warnings.warn(
/Library/Frameworks/Python.framework/Versions/3.13/lib/python3.13/site-packages/sklearn/svm/_base.py:239: FutureWarning: The `probability` parameter was deprecated in 1.9 and will be removed in version 1.11. Use `CalibratedClassifierCV(SVC(), ensemble=False)` instead of `SVC(probability=True)`
  warnings.warn(
/Library/Frameworks/Python.framework/Versions/3.13/lib/python3.13/site-packages/sklearn/svm/_base.py:239: FutureWarning: The `probability` parameter was deprecated in 1.9 and will be removed in version 1.11. Use `CalibratedClassifierCV(SVC(), ensemble=False)` instead of `SVC(probability=True)`
  warnings.warn(
/Library/Frameworks/Python.framework/Versions/3.13/lib/python3.13/site-packages/sklearn/svm/_base.py:239: FutureWarning: The `probability` parameter was deprecated in 1.9 and will be removed in version 1.11. Use `CalibratedClassifierCV(SVC(), ensemble=False)` instead of `SVC(probability=True)`
  warnings.warn(
/Library/Frameworks/Python.framework/Versions/3.13/lib/python3.13/site-packages/sklearn/svm/_base.py:239: FutureWarning: The `probability` parameter was deprecated in 1.9 and will be removed in version 1.11. Use `CalibratedClassifierCV(SVC(), ensemble=False)` instead of `SVC(probability=True)`
  warnings.warn(
/Library/Frameworks/Python.framework/Versions/3.13/lib/python3.13/site-packages/sklearn/svm/_base.py:239: FutureWarning: The `probability` parameter was deprecated in 1.9 and will be removed in version 1.11. Use `CalibratedClassifierCV(SVC(), ensemble=False)` instead of `SVC(probability=True)`
  warnings.warn(
/Library/Frameworks/Python.framework/Versions/3.13/lib/python3.13/site-packages/sklearn/svm/_base.py:239: FutureWarning: The `probability` parameter was deprecated in 1.9 and will be removed in version 1.11. Use `CalibratedClassifierCV(SVC(), ensemble=False)` instead of `SVC(probability=True)`
  warnings.warn(
/Library/Frameworks/Python.framework/Versions/3.13/lib/python3.13/site-packages/sklearn/svm/_base.py:239: FutureWarning: The `probability` parameter was deprecated in 1.9 and will be removed in version 1.11. Use `CalibratedClassifierCV(SVC(), ensemble=False)` instead of `SVC(probability=True)`
  warnings.warn(
/Library/Frameworks/Python.framework/Versions/3.13/lib/python3.13/site-packages/sklearn/svm/_base.py:239: FutureWarning: The `probability` parameter was deprecated in 1.9 and will be removed in version 1.11. Use `CalibratedClassifierCV(SVC(), ensemble=False)` instead of `SVC(probability=True)`
  warnings.warn(
/Library/Frameworks/Python.framework/Versions/3.13/lib/python3.13/site-packages/sklearn/svm/_base.py:239: FutureWarning: The `probability` parameter was deprecated in 1.9 and will be removed in version 1.11. Use `CalibratedClassifierCV(SVC(), ensemble=False)` instead of `SVC(probability=True)`
  warnings.warn(
/Library/Frameworks/Python.framework/Versions/3.13/lib/python3.13/site-packages/sklearn/svm/_base.py:239: FutureWarning: The `probability` parameter was deprecated in 1.9 and will be removed in version 1.11. Use `CalibratedClassifierCV(SVC(), ensemble=False)` instead of `SVC(probability=True)`
  warnings.warn(
/Library/Frameworks/Python.framework/Versions/3.13/lib/python3.13/site-packages/sklearn/svm/_base.py:239: FutureWarning: The `probability` parameter was deprecated in 1.9 and will be removed in version 1.11. Use `CalibratedClassifierCV(SVC(), ensemble=False)` instead of `SVC(probability=True)`
  warnings.warn(
/Library/Frameworks/Python.framework/Versions/3.13/lib/python3.13/site-packages/sklearn/svm/_base.py:239: FutureWarning: The `probability` parameter was deprecated in 1.9 and will be removed in version 1.11. Use `CalibratedClassifierCV(SVC(), ensemble=False)` instead of `SVC(probability=True)`
  warnings.warn(
/Library/Frameworks/Python.framework/Versions/3.13/lib/python3.13/site-packages/sklearn/svm/_base.py:239: FutureWarning: The `probability` parameter was deprecated in 1.9 and will be removed in version 1.11. Use `CalibratedClassifierCV(SVC(), ensemble=False)` instead of `SVC(probability=True)`
  warnings.warn(
/Library/Frameworks/Python.framework/Versions/3.13/lib/python3.13/site-packages/sklearn/svm/_base.py:239: FutureWarning: The `probability` parameter was deprecated in 1.9 and will be removed in version 1.11. Use `CalibratedClassifierCV(SVC(), ensemble=False)` instead of `SVC(probability=True)`
  warnings.warn(
/Library/Frameworks/Python.framework/Versions/3.13/lib/python3.13/site-packages/sklearn/svm/_base.py:239: FutureWarning: The `probability` parameter was deprecated in 1.9 and will be removed in version 1.11. Use `CalibratedClassifierCV(SVC(), ensemble=False)` instead of `SVC(probability=True)`
  warnings.warn(
/Library/Frameworks/Python.framework/Versions/3.13/lib/python3.13/site-packages/sklearn/svm/_base.py:239: FutureWarning: The `probability` parameter was deprecated in 1.9 and will be removed in version 1.11. Use `CalibratedClassifierCV(SVC(), ensemble=False)` instead of `SVC(probability=True)`
  warnings.warn(
/Library/Frameworks/Python.framework/Versions/3.13/lib/python3.13/site-packages/sklearn/svm/_base.py:239: FutureWarning: The `probability` parameter was deprecated in 1.9 and will be removed in version 1.11. Use `CalibratedClassifierCV(SVC(), ensemble=False)` instead of `SVC(probability=True)`
  warnings.warn(
/Library/Frameworks/Python.framework/Versions/3.13/lib/python3.13/site-packages/sklearn/svm/_base.py:239: FutureWarning: The `probability` parameter was deprecated in 1.9 and will be removed in version 1.11. Use `CalibratedClassifierCV(SVC(), ensemble=False)` instead of `SVC(probability=True)`
  warnings.warn(
/Library/Frameworks/Python.framework/Versions/3.13/lib/python3.13/site-packages/sklearn/svm/_base.py:239: FutureWarning: The `probability` parameter was deprecated in 1.9 and will be removed in version 1.11. Use `CalibratedClassifierCV(SVC(), ensemble=False)` instead of `SVC(probability=True)`
  warnings.warn(
/Library/Frameworks/Python.framework/Versions/3.13/lib/python3.13/site-packages/sklearn/svm/_base.py:239: FutureWarning: The `probability` parameter was deprecated in 1.9 and will be removed in version 1.11. Use `CalibratedClassifierCV(SVC(), ensemble=False)` instead of `SVC(probability=True)`
  warnings.warn(
/Library/Frameworks/Python.framework/Versions/3.13/lib/python3.13/site-packages/sklearn/svm/_base.py:239: FutureWarning: The `probability` parameter was deprecated in 1.9 and will be removed in version 1.11. Use `CalibratedClassifierCV(SVC(), ensemble=False)` instead of `SVC(probability=True)`
  warnings.warn(
/Library/Frameworks/Python.framework/Versions/3.13/lib/python3.13/site-packages/sklearn/svm/_base.py:239: FutureWarning: The `probability` parameter was deprecated in 1.9 and will be removed in version 1.11. Use `CalibratedClassifierCV(SVC(), ensemble=False)` instead of `SVC(probability=True)`
  warnings.warn(
/Library/Frameworks/Python.framework/Versions/3.13/lib/python3.13/site-packages/sklearn/svm/_base.py:239: FutureWarning: The `probability` parameter was deprecated in 1.9 and will be removed in version 1.11. Use `CalibratedClassifierCV(SVC(), ensemble=False)` instead of `SVC(probability=True)`
  warnings.warn(
/Library/Frameworks/Python.framework/Versions/3.13/lib/python3.13/site-packages/sklearn/svm/_base.py:239: FutureWarning: The `probability` parameter was deprecated in 1.9 and will be removed in version 1.11. Use `CalibratedClassifierCV(SVC(), ensemble=False)` instead of `SVC(probability=True)`
  warnings.warn(
/Library/Frameworks/Python.framework/Versions/3.13/lib/python3.13/site-packages/sklearn/svm/_base.py:239: FutureWarning: The `probability` parameter was deprecated in 1.9 and will be removed in version 1.11. Use `CalibratedClassifierCV(SVC(), ensemble=False)` instead of `SVC(probability=True)`
  warnings.warn(
/Library/Frameworks/Python.framework/Versions/3.13/lib/python3.13/site-packages/sklearn/svm/_base.py:239: FutureWarning: The `probability` parameter was deprecated in 1.9 and will be removed in version 1.11. Use `CalibratedClassifierCV(SVC(), ensemble=False)` instead of `SVC(probability=True)`
  warnings.warn(
/Library/Frameworks/Python.framework/Versions/3.13/lib/python3.13/site-packages/sklearn/svm/_base.py:239: FutureWarning: The `probability` parameter was deprecated in 1.9 and will be removed in version 1.11. Use `CalibratedClassifierCV(SVC(), ensemble=False)` instead of `SVC(probability=True)`
  warnings.warn(
/Library/Frameworks/Python.framework/Versions/3.13/lib/python3.13/site-packages/sklearn/svm/_base.py:239: FutureWarning: The `probability` parameter was deprecated in 1.9 and will be removed in version 1.11. Use `CalibratedClassifierCV(SVC(), ensemble=False)` instead of `SVC(probability=True)`
  warnings.warn(
/Library/Frameworks/Python.framework/Versions/3.13/lib/python3.13/site-packages/sklearn/svm/_base.py:239: FutureWarning: The `probability` parameter was deprecated in 1.9 and will be removed in version 1.11. Use `CalibratedClassifierCV(SVC(), ensemble=False)` instead of `SVC(probability=True)`
  warnings.warn(
/Library/Frameworks/Python.framework/Versions/3.13/lib/python3.13/site-packages/sklearn/svm/_base.py:239: FutureWarning: The `probability` parameter was deprecated in 1.9 and will be removed in version 1.11. Use `CalibratedClassifierCV(SVC(), ensemble=False)` instead of `SVC(probability=True)`
  warnings.warn(
/Library/Frameworks/Python.framework/Versions/3.13/lib/python3.13/site-packages/sklearn/svm/_base.py:239: FutureWarning: The `probability` parameter was deprecated in 1.9 and will be removed in version 1.11. Use `CalibratedClassifierCV(SVC(), ensemble=False)` instead of `SVC(probability=True)`
  warnings.warn(
/Library/Frameworks/Python.framework/Versions/3.13/lib/python3.13/site-packages/sklearn/svm/_base.py:239: FutureWarning: The `probability` parameter was deprecated in 1.9 and will be removed in version 1.11. Use `CalibratedClassifierCV(SVC(), ensemble=False)` instead of `SVC(probability=True)`
  warnings.warn(
/Library/Frameworks/Python.framework/Versions/3.13/lib/python3.13/site-packages/sklearn/svm/_base.py:239: FutureWarning: The `probability` parameter was deprecated in 1.9 and will be removed in version 1.11. Use `CalibratedClassifierCV(SVC(), ensemble=False)` instead of `SVC(probability=True)`
  warnings.warn(
/Library/Frameworks/Python.framework/Versions/3.13/lib/python3.13/site-packages/sklearn/svm/_base.py:239: FutureWarning: The `probability` parameter was deprecated in 1.9 and will be removed in version 1.11. Use `CalibratedClassifierCV(SVC(), ensemble=False)` instead of `SVC(probability=True)`
  warnings.warn(
/Library/Frameworks/Python.framework/Versions/3.13/lib/python3.13/site-packages/sklearn/svm/_base.py:239: FutureWarning: The `probability` parameter was deprecated in 1.9 and will be removed in version 1.11. Use `CalibratedClassifierCV(SVC(), ensemble=False)` instead of `SVC(probability=True)`
  warnings.warn(
/Library/Frameworks/Python.framework/Versions/3.13/lib/python3.13/site-packages/sklearn/svm/_base.py:239: FutureWarning: The `probability` parameter was deprecated in 1.9 and will be removed in version 1.11. Use `CalibratedClassifierCV(SVC(), ensemble=False)` instead of `SVC(probability=True)`
  warnings.warn(
/Library/Frameworks/Python.framework/Versions/3.13/lib/python3.13/site-packages/sklearn/svm/_base.py:239: FutureWarning: The `probability` parameter was deprecated in 1.9 and will be removed in version 1.11. Use `CalibratedClassifierCV(SVC(), ensemble=False)` instead of `SVC(probability=True)`
  warnings.warn(
/Library/Frameworks/Python.framework/Versions/3.13/lib/python3.13/site-packages/sklearn/svm/_base.py:239: FutureWarning: The `probability` parameter was deprecated in 1.9 and will be removed in version 1.11. Use `CalibratedClassifierCV(SVC(), ensemble=False)` instead of `SVC(probability=True)`
  warnings.warn(
/Library/Frameworks/Python.framework/Versions/3.13/lib/python3.13/site-packages/sklearn/svm/_base.py:239: FutureWarning: The `probability` parameter was deprecated in 1.9 and will be removed in version 1.11. Use `CalibratedClassifierCV(SVC(), ensemble=False)` instead of `SVC(probability=True)`
  warnings.warn(
/Library/Frameworks/Python.framework/Versions/3.13/lib/python3.13/site-packages/sklearn/svm/_base.py:239: FutureWarning: The `probability` parameter was deprecated in 1.9 and will be removed in version 1.11. Use `CalibratedClassifierCV(SVC(), ensemble=False)` instead of `SVC(probability=True)`
  warnings.warn(
/Library/Frameworks/Python.framework/Versions/3.13/lib/python3.13/site-packages/sklearn/svm/_base.py:239: FutureWarning: The `probability` parameter was deprecated in 1.9 and will be removed in version 1.11. Use `CalibratedClassifierCV(SVC(), ensemble=False)` instead of `SVC(probability=True)`
  warnings.warn(
/Library/Frameworks/Python.framework/Versions/3.13/lib/python3.13/site-packages/sklearn/svm/_base.py:239: FutureWarning: The `probability` parameter was deprecated in 1.9 and will be removed in version 1.11. Use `CalibratedClassifierCV(SVC(), ensemble=False)` instead of `SVC(probability=True)`
  warnings.warn(
/Library/Frameworks/Python.framework/Versions/3.13/lib/python3.13/site-packages/sklearn/svm/_base.py:239: FutureWarning: The `probability` parameter was deprecated in 1.9 and will be removed in version 1.11. Use `CalibratedClassifierCV(SVC(), ensemble=False)` instead of `SVC(probability=True)`
  warnings.warn(
/Library/Frameworks/Python.framework/Versions/3.13/lib/python3.13/site-packages/sklearn/svm/_base.py:239: FutureWarning: The `probability` parameter was deprecated in 1.9 and will be removed in version 1.11. Use `CalibratedClassifierCV(SVC(), ensemble=False)` instead of `SVC(probability=True)`
  warnings.warn(
/Library/Frameworks/Python.framework/Versions/3.13/lib/python3.13/site-packages/sklearn/svm/_base.py:239: FutureWarning: The `probability` parameter was deprecated in 1.9 and will be removed in version 1.11. Use `CalibratedClassifierCV(SVC(), ensemble=False)` instead of `SVC(probability=True)`
  warnings.warn(
/Library/Frameworks/Python.framework/Versions/3.13/lib/python3.13/site-packages/sklearn/svm/_base.py:239: FutureWarning: The `probability` parameter was deprecated in 1.9 and will be removed in version 1.11. Use `CalibratedClassifierCV(SVC(), ensemble=False)` instead of `SVC(probability=True)`
  warnings.warn(
/Library/Frameworks/Python.framework/Versions/3.13/lib/python3.13/site-packages/sklearn/svm/_base.py:239: FutureWarning: The `probability` parameter was deprecated in 1.9 and will be removed in version 1.11. Use `CalibratedClassifierCV(SVC(), ensemble=False)` instead of `SVC(probability=True)`
  warnings.warn(
/Library/Frameworks/Python.framework/Versions/3.13/lib/python3.13/site-packages/sklearn/svm/_base.py:239: FutureWarning: The `probability` parameter was deprecated in 1.9 and will be removed in version 1.11. Use `CalibratedClassifierCV(SVC(), ensemble=False)` instead of `SVC(probability=True)`
  warnings.warn(
/Library/Frameworks/Python.framework/Versions/3.13/lib/python3.13/site-packages/sklearn/svm/_base.py:239: FutureWarning: The `probability` parameter was deprecated in 1.9 and will be removed in version 1.11. Use `CalibratedClassifierCV(SVC(), ensemble=False)` instead of `SVC(probability=True)`
  warnings.warn(
/Library/Frameworks/Python.framework/Versions/3.13/lib/python3.13/site-packages/sklearn/svm/_base.py:239: FutureWarning: The `probability` parameter was deprecated in 1.9 and will be removed in version 1.11. Use `CalibratedClassifierCV(SVC(), ensemble=False)` instead of `SVC(probability=True)`
  warnings.warn(
/Library/Frameworks/Python.framework/Versions/3.13/lib/python3.13/site-packages/sklearn/svm/_base.py:239: FutureWarning: The `probability` parameter was deprecated in 1.9 and will be removed in version 1.11. Use `CalibratedClassifierCV(SVC(), ensemble=False)` instead of `SVC(probability=True)`
  warnings.warn(
/Library/Frameworks/Python.framework/Versions/3.13/lib/python3.13/site-packages/sklearn/svm/_base.py:239: FutureWarning: The `probability` parameter was deprecated in 1.9 and will be removed in version 1.11. Use `CalibratedClassifierCV(SVC(), ensemble=False)` instead of `SVC(probability=True)`
  warnings.warn(
/Library/Frameworks/Python.framework/Versions/3.13/lib/python3.13/site-packages/sklearn/svm/_base.py:239: FutureWarning: The `probability` parameter was deprecated in 1.9 and will be removed in version 1.11. Use `CalibratedClassifierCV(SVC(), ensemble=False)` instead of `SVC(probability=True)`
  warnings.warn(
/Library/Frameworks/Python.framework/Versions/3.13/lib/python3.13/site-packages/sklearn/svm/_base.py:239: FutureWarning: The `probability` parameter was deprecated in 1.9 and will be removed in version 1.11. Use `CalibratedClassifierCV(SVC(), ensemble=False)` instead of `SVC(probability=True)`
  warnings.warn(
/Library/Frameworks/Python.framework/Versions/3.13/lib/python3.13/site-packages/sklearn/svm/_base.py:239: FutureWarning: The `probability` parameter was deprecated in 1.9 and will be removed in version 1.11. Use `CalibratedClassifierCV(SVC(), ensemble=False)` instead of `SVC(probability=True)`
  warnings.warn(
/Library/Frameworks/Python.framework/Versions/3.13/lib/python3.13/site-packages/sklearn/svm/_base.py:239: FutureWarning: The `probability` parameter was deprecated in 1.9 and will be removed in version 1.11. Use `CalibratedClassifierCV(SVC(), ensemble=False)` instead of `SVC(probability=True)`
  warnings.warn(
/Library/Frameworks/Python.framework/Versions/3.13/lib/python3.13/site-packages/sklearn/svm/_base.py:239: FutureWarning: The `probability` parameter was deprecated in 1.9 and will be removed in version 1.11. Use `CalibratedClassifierCV(SVC(), ensemble=False)` instead of `SVC(probability=True)`
  warnings.warn(
/Library/Frameworks/Python.framework/Versions/3.13/lib/python3.13/site-packages/sklearn/svm/_base.py:239: FutureWarning: The `probability` parameter was deprecated in 1.9 and will be removed in version 1.11. Use `CalibratedClassifierCV(SVC(), ensemble=False)` instead of `SVC(probability=True)`
  warnings.warn(
/Library/Frameworks/Python.framework/Versions/3.13/lib/python3.13/site-packages/sklearn/svm/_base.py:239: FutureWarning: The `probability` parameter was deprecated in 1.9 and will be removed in version 1.11. Use `CalibratedClassifierCV(SVC(), ensemble=False)` instead of `SVC(probability=True)`
  warnings.warn(
/Library/Frameworks/Python.framework/Versions/3.13/lib/python3.13/site-packages/sklearn/svm/_base.py:239: FutureWarning: The `probability` parameter was deprecated in 1.9 and will be removed in version 1.11. Use `CalibratedClassifierCV(SVC(), ensemble=False)` instead of `SVC(probability=True)`
  warnings.warn(
/Library/Frameworks/Python.framework/Versions/3.13/lib/python3.13/site-packages/sklearn/svm/_base.py:239: FutureWarning: The `probability` parameter was deprecated in 1.9 and will be removed in version 1.11. Use `CalibratedClassifierCV(SVC(), ensemble=False)` instead of `SVC(probability=True)`
  warnings.warn(
/Library/Frameworks/Python.framework/Versions/3.13/lib/python3.13/site-packages/sklearn/svm/_base.py:239: FutureWarning: The `probability` parameter was deprecated in 1.9 and will be removed in version 1.11. Use `CalibratedClassifierCV(SVC(), ensemble=False)` instead of `SVC(probability=True)`
  warnings.warn(
